c:\users\thibo\onedrive\desktop\vulkan-cookbook_both\vulkan-cookbook\maximengine\x64\debug\vc143.pdb
c:\users\thibo\onedrive\desktop\vulkan-cookbook_both\vulkan-cookbook\maximengine\x64\debug\scene.obj
c:\users\thibo\onedrive\desktop\vulkan-cookbook_both\vulkan-cookbook\maximengine\x64\debug\modelclass.obj
c:\users\thibo\onedrive\desktop\vulkan-cookbook_both\vulkan-cookbook\maximengine\x64\debug\main.obj
c:\users\thibo\onedrive\desktop\vulkan-cookbook_both\vulkan-cookbook\maximengine\x64\debug\graphics.obj
c:\users\thibo\onedrive\desktop\vulkan-cookbook_both\vulkan-cookbook\maximengine\x64\debug\os.obj
c:\users\thibo\onedrive\desktop\vulkan-cookbook_both\vulkan-cookbook\maximengine\x64\debug\orbitingcamera.obj
c:\users\thibo\onedrive\desktop\vulkan-cookbook_both\vulkan-cookbook\maximengine\x64\debug\cookbooksampleframework.obj
c:\users\thibo\onedrive\desktop\vulkan-cookbook_both\vulkan-cookbook\maximengine\x64\debug\camera.obj
c:\users\thibo\onedrive\desktop\vulkan-cookbook_both\vulkan-cookbook\maximengine\x64\debug\maximengine.exe
c:\users\thibo\onedrive\desktop\vulkan-cookbook_both\vulkan-cookbook\maximengine\x64\debug\maximengine.pdb
c:\users\thibo\onedrive\desktop\vulkan-cookbook_both\vulkan-cookbook\maximengine\x64\debug\maximengine.ilk
c:\users\thibo\onedrive\desktop\vulkan-cookbook_both\vulkan-cookbook\maximengine\x64\debug\maximengine.tlog\cl.command.1.tlog
c:\users\thibo\onedrive\desktop\vulkan-cookbook_both\vulkan-cookbook\maximengine\x64\debug\maximengine.tlog\cl.items.tlog
c:\users\thibo\onedrive\desktop\vulkan-cookbook_both\vulkan-cookbook\maximengine\x64\debug\maximengine.tlog\cl.read.1.tlog
c:\users\thibo\onedrive\desktop\vulkan-cookbook_both\vulkan-cookbook\maximengine\x64\debug\maximengine.tlog\cl.write.1.tlog
c:\users\thibo\onedrive\desktop\vulkan-cookbook_both\vulkan-cookbook\maximengine\x64\debug\maximengine.tlog\link.command.1.tlog
c:\users\thibo\onedrive\desktop\vulkan-cookbook_both\vulkan-cookbook\maximengine\x64\debug\maximengine.tlog\link.read.1.tlog
c:\users\thibo\onedrive\desktop\vulkan-cookbook_both\vulkan-cookbook\maximengine\x64\debug\maximengine.tlog\link.secondary.1.tlog
c:\users\thibo\onedrive\desktop\vulkan-cookbook_both\vulkan-cookbook\maximengine\x64\debug\maximengine.tlog\link.write.1.tlog
